#
# There is insufficient memory for the Java Runtime Environment to continue.
# Native memory allocation (malloc) failed to allocate 32744 bytes for ChunkPool::allocate
# Possible reasons:
#   The system is out of physical RAM or swap space
#   In 32 bit mode, the process size limit was hit
# Possible solutions:
#   Reduce memory load on the system
#   Increase physical memory or swap space
#   Check if swap backing store is full
#   Use 64 bit Java on a 64 bit OS
#   Decrease Java heap size (-Xmx/-Xms)
#   Decrease number of Java threads
#   Decrease Java thread stack sizes (-Xss)
#   Set larger code cache with -XX:ReservedCodeCacheSize=
# This output file may be truncated or incomplete.
#
#  Out of Memory Error (allocation.cpp:273), pid=15140, tid=0x0000000000001258
#
# JRE version: Java(TM) SE Runtime Environment (8.0_161-b12) (build 1.8.0_161-b12)
# Java VM: Java HotSpot(TM) 64-Bit Server VM (25.161-b12 mixed mode windows-amd64 compressed oops)
# Failed to write core dump. Minidumps are not enabled by default on client versions of Windows
#

---------------  T H R E A D  ---------------

Current thread (0x00000000174b2000):  JavaThread "C1 CompilerThread2" daemon [_thread_in_native, id=4696, stack(0x0000000018d30000,0x0000000018e30000)]

Stack: [0x0000000018d30000,0x0000000018e30000]
[error occurred during error reporting (printing stack bounds), id 0xc0000005]

Native frames: (J=compiled Java code, j=interpreted, Vv=VM code, C=native code)


Current CompileTask:
C1: 206032 2804   !   3       java.net.URL::<init> (543 bytes)


---------------  P R O C E S S  ---------------

Java Threads: ( => current thread )
  0x0000000019a8a800 JavaThread "TimerQueue" daemon [_thread_blocked, id=15008, stack(0x000000001c3d0000,0x000000001c4d0000)]
  0x0000000019924800 JavaThread "mysql-cj-abandoned-connection-cleanup" daemon [_thread_blocked, id=7740, stack(0x000000001b8d0000,0x000000001b9d0000)]
  0x000000000101e000 JavaThread "DestroyJavaVM" [_thread_blocked, id=8612, stack(0x00000000027d0000,0x00000000028d0000)]
  0x0000000019645800 JavaThread "AWT-EventQueue-0" [_thread_blocked, id=11124, stack(0x000000001aa60000,0x000000001ab60000)]
  0x00000000195e9000 JavaThread "AWT-Windows" daemon [_thread_in_native, id=13516, stack(0x0000000019fa0000,0x000000001a0a0000)]
  0x00000000195e6800 JavaThread "AWT-Shutdown" [_thread_blocked, id=9968, stack(0x0000000019ea0000,0x0000000019fa0000)]
  0x000000001920d800 JavaThread "Java2D Disposer" daemon [_thread_blocked, id=14188, stack(0x0000000019da0000,0x0000000019ea0000)]
  0x0000000018e58800 JavaThread "Service Thread" daemon [_thread_blocked, id=15848, stack(0x0000000019230000,0x0000000019330000)]
=>0x00000000174b2000 JavaThread "C1 CompilerThread2" daemon [_thread_in_native, id=4696, stack(0x0000000018d30000,0x0000000018e30000)]
  0x00000000174a2000 JavaThread "C2 CompilerThread1" daemon [_thread_blocked, id=1200, stack(0x0000000018c30000,0x0000000018d30000)]
  0x000000001749d800 JavaThread "C2 CompilerThread0" daemon [_thread_blocked, id=15272, stack(0x0000000018b30000,0x0000000018c30000)]
  0x000000001749c000 JavaThread "Attach Listener" daemon [_thread_blocked, id=5300, stack(0x0000000018a30000,0x0000000018b30000)]
  0x000000001749a800 JavaThread "Signal Dispatcher" daemon [_thread_blocked, id=9872, stack(0x0000000018930000,0x0000000018a30000)]
  0x00000000029cb000 JavaThread "Finalizer" daemon [_thread_blocked, id=8416, stack(0x0000000018710000,0x0000000018810000)]
  0x00000000029c2000 JavaThread "Reference Handler" daemon [_thread_blocked, id=16212, stack(0x0000000018610000,0x0000000018710000)]

Other Threads:
  0x0000000017467000 VMThread [stack: 0x0000000018510000,0x0000000018610000] [id=4368]
  0x0000000018e79000 WatcherThread [stack: 0x00000000194a0000,0x00000000195a0000] [id=12304]

VM state:not at safepoint (normal execution)

VM Mutex/Monitor currently owned by a thread: None

Heap:
 PSYoungGen      total 37888K, used 16486K [0x00000000d6100000, 0x00000000d8b00000, 0x0000000100000000)
  eden space 32768K, 34% used [0x00000000d6100000,0x00000000d6c1ef50,0x00000000d8100000)
  from space 5120K, 99% used [0x00000000d8100000,0x00000000d85fac48,0x00000000d8600000)
  to   space 5120K, 0% used [0x00000000d8600000,0x00000000d8600000,0x00000000d8b00000)
 ParOldGen       total 86016K, used 2132K [0x0000000082200000, 0x0000000087600000, 0x00000000d6100000)
  object space 86016K, 2% used [0x0000000082200000,0x00000000824150a0,0x0000000087600000)
 Metaspace       used 17719K, capacity 17882K, committed 18176K, reserved 1064960K
  class space    used 2125K, capacity 2204K, committed 2304K, reserved 1048576K

Card table byte_map: [0x0000000011d90000,0x0000000012180000] byte_map_base: 0x000000001197f000

Marking Bits: (ParMarkBitMap*) 0x0000000064eaf860
 Begin Bits: [0x0000000012820000, 0x0000000014798000)
 End Bits:   [0x0000000014798000, 0x0000000016710000)

Polling page: 0x0000000000f40000

CodeCache: size=245760Kb used=8311Kb max_used=8333Kb free=237448Kb
 bounds [0x00000000029d0000, 0x0000000003210000, 0x00000000119d0000]
 total_blobs=3103 nmethods=2528 adapters=486
 compilation: enabled

Compilation events (10 events):
Event: 200.121 Thread 0x00000000174b2000 2799       3       java.awt.Color::darker (54 bytes)
Event: 200.122 Thread 0x00000000174b2000 nmethod 2799 0x0000000002da1990 code [0x0000000002da1bc0, 0x0000000002da26e8]
Event: 200.124 Thread 0x00000000174a2000 2800       4       java.awt.MultipleGradientPaintContext::calculateLookupData (318 bytes)
Event: 200.128 Thread 0x00000000174b2000 2801       3       javax.swing.DefaultButtonModel::isArmed (15 bytes)
Event: 200.128 Thread 0x00000000174b2000 nmethod 2801 0x0000000002da3290 code [0x0000000002da33e0, 0x0000000002da3590]
Event: 200.163 Thread 0x00000000174a2000 nmethod 2800 0x0000000002d9d9d0 code [0x0000000002d9dc40, 0x0000000002d9ef48]
Event: 200.194 Thread 0x000000001749d800 nmethod 2797 0x00000000031fa350 code [0x00000000031fa840, 0x00000000031fddd0]
Event: 200.954 Thread 0x00000000174b2000 2802       3       sun.misc.JarIndex::get (49 bytes)
Event: 200.955 Thread 0x00000000174b2000 nmethod 2802 0x0000000002da0c10 code [0x0000000002da0de0, 0x0000000002da1658]
Event: 205.960 Thread 0x00000000174b2000 2804   !   3       java.net.URL::<init> (543 bytes)

GC Heap History (6 events):
Event: 37.960 GC heap before
{Heap before GC invocations=1 (full 0):
 PSYoungGen      total 37888K, used 32768K [0x00000000d6100000, 0x00000000d8b00000, 0x0000000100000000)
  eden space 32768K, 100% used [0x00000000d6100000,0x00000000d8100000,0x00000000d8100000)
  from space 5120K, 0% used [0x00000000d8600000,0x00000000d8600000,0x00000000d8b00000)
  to   space 5120K, 0% used [0x00000000d8100000,0x00000000d8100000,0x00000000d8600000)
 ParOldGen       total 86016K, used 0K [0x0000000082200000, 0x0000000087600000, 0x00000000d6100000)
  object space 86016K, 0% used [0x0000000082200000,0x0000000082200000,0x0000000087600000)
 Metaspace       used 16289K, capacity 16476K, committed 16768K, reserved 1064960K
  class space    used 2008K, capacity 2103K, committed 2176K, reserved 1048576K
Event: 37.966 GC heap after
Heap after GC invocations=1 (full 0):
 PSYoungGen      total 37888K, used 5088K [0x00000000d6100000, 0x00000000d8b00000, 0x0000000100000000)
  eden space 32768K, 0% used [0x00000000d6100000,0x00000000d6100000,0x00000000d8100000)
  from space 5120K, 99% used [0x00000000d8100000,0x00000000d85f8028,0x00000000d8600000)
  to   space 5120K, 0% used [0x00000000d8600000,0x00000000d8600000,0x00000000d8b00000)
 ParOldGen       total 86016K, used 849K [0x0000000082200000, 0x0000000087600000, 0x00000000d6100000)
  object space 86016K, 0% used [0x0000000082200000,0x00000000822d47e8,0x0000000087600000)
 Metaspace       used 16289K, capacity 16476K, committed 16768K, reserved 1064960K
  class space    used 2008K, capacity 2103K, committed 2176K, reserved 1048576K
}
Event: 89.496 GC heap before
{Heap before GC invocations=2 (full 0):
 PSYoungGen      total 37888K, used 37856K [0x00000000d6100000, 0x00000000d8b00000, 0x0000000100000000)
  eden space 32768K, 100% used [0x00000000d6100000,0x00000000d8100000,0x00000000d8100000)
  from space 5120K, 99% used [0x00000000d8100000,0x00000000d85f8028,0x00000000d8600000)
  to   space 5120K, 0% used [0x00000000d8600000,0x00000000d8600000,0x00000000d8b00000)
 ParOldGen       total 86016K, used 849K [0x0000000082200000, 0x0000000087600000, 0x00000000d6100000)
  object space 86016K, 0% used [0x0000000082200000,0x00000000822d47e8,0x0000000087600000)
 Metaspace       used 17132K, capacity 17390K, committed 17536K, reserved 1064960K
  class space    used 2088K, capacity 2170K, committed 2176K, reserved 1048576K
Event: 89.502 GC heap after
Heap after GC invocations=2 (full 0):
 PSYoungGen      total 37888K, used 5104K [0x00000000d6100000, 0x00000000d8b00000, 0x0000000100000000)
  eden space 32768K, 0% used [0x00000000d6100000,0x00000000d6100000,0x00000000d8100000)
  from space 5120K, 99% used [0x00000000d8600000,0x00000000d8afc1b0,0x00000000d8b00000)
  to   space 5120K, 0% used [0x00000000d8100000,0x00000000d8100000,0x00000000d8600000)
 ParOldGen       total 86016K, used 1514K [0x0000000082200000, 0x0000000087600000, 0x00000000d6100000)
  object space 86016K, 1% used [0x0000000082200000,0x000000008237aac0,0x0000000087600000)
 Metaspace       used 17132K, capacity 17390K, committed 17536K, reserved 1064960K
  class space    used 2088K, capacity 2170K, committed 2176K, reserved 1048576K
}
Event: 195.927 GC heap before
{Heap before GC invocations=3 (full 0):
 PSYoungGen      total 37888K, used 37872K [0x00000000d6100000, 0x00000000d8b00000, 0x0000000100000000)
  eden space 32768K, 100% used [0x00000000d6100000,0x00000000d8100000,0x00000000d8100000)
  from space 5120K, 99% used [0x00000000d8600000,0x00000000d8afc1b0,0x00000000d8b00000)
  to   space 5120K, 0% used [0x00000000d8100000,0x00000000d8100000,0x00000000d8600000)
 ParOldGen       total 86016K, used 1514K [0x0000000082200000, 0x0000000087600000, 0x00000000d6100000)
  object space 86016K, 1% used [0x0000000082200000,0x000000008237aac0,0x0000000087600000)
 Metaspace       used 17617K, capacity 17818K, committed 18176K, reserved 1064960K
  class space    used 2119K, capacity 2204K, committed 2304K, reserved 1048576K
Event: 195.935 GC heap after
Heap after GC invocations=3 (full 0):
 PSYoungGen      total 37888K, used 5099K [0x00000000d6100000, 0x00000000d8b00000, 0x0000000100000000)
  eden space 32768K, 0% used [0x00000000d6100000,0x00000000d6100000,0x00000000d8100000)
  from space 5120K, 99% used [0x00000000d8100000,0x00000000d85fac48,0x00000000d8600000)
  to   space 5120K, 0% used [0x00000000d8600000,0x00000000d8600000,0x00000000d8b00000)
 ParOldGen       total 86016K, used 2132K [0x0000000082200000, 0x0000000087600000, 0x00000000d6100000)
  object space 86016K, 2% used [0x0000000082200000,0x00000000824150a0,0x0000000087600000)
 Metaspace       used 17617K, capacity 17818K, committed 18176K, reserved 1064960K
  class space    used 2119K, capacity 2204K, committed 2304K, reserved 1048576K
}

Deoptimization events (10 events):
Event: 133.605 Thread 0x0000000019645800 Uncommon trap: reason=unstable_if action=reinterpret pc=0x0000000002e621c0 method=java.awt.Container.getMouseEventTargetImpl(IIZLjava/awt/Container$EventTargetFilter;ZZ)Ljava/awt/Component; @ 218
Event: 195.824 Thread 0x0000000019645800 Uncommon trap: reason=class_check action=maybe_recompile pc=0x0000000002e52960 method=java.util.HashSet.add(Ljava/lang/Object;)Z @ 8
Event: 195.824 Thread 0x0000000019645800 Uncommon trap: reason=class_check action=maybe_recompile pc=0x0000000002e52960 method=java.util.HashSet.add(Ljava/lang/Object;)Z @ 8
Event: 195.824 Thread 0x0000000019645800 Uncommon trap: reason=class_check action=maybe_recompile pc=0x0000000002e52960 method=java.util.HashSet.add(Ljava/lang/Object;)Z @ 8
Event: 195.824 Thread 0x0000000019645800 Uncommon trap: reason=class_check action=maybe_recompile pc=0x0000000002e52960 method=java.util.HashSet.add(Ljava/lang/Object;)Z @ 8
Event: 195.828 Thread 0x0000000019645800 Uncommon trap: reason=class_check action=maybe_recompile pc=0x0000000002e098f0 method=java.util.HashMap.putVal(ILjava/lang/Object;Ljava/lang/Object;ZZ)Ljava/lang/Object; @ 253
Event: 195.830 Thread 0x0000000019645800 Uncommon trap: reason=class_check action=maybe_recompile pc=0x0000000002e098f0 method=java.util.HashMap.putVal(ILjava/lang/Object;Ljava/lang/Object;ZZ)Ljava/lang/Object; @ 253
Event: 195.835 Thread 0x0000000019645800 Uncommon trap: reason=class_check action=maybe_recompile pc=0x0000000002e098f0 method=java.util.HashMap.putVal(ILjava/lang/Object;Ljava/lang/Object;ZZ)Ljava/lang/Object; @ 253
Event: 195.838 Thread 0x0000000019645800 Uncommon trap: reason=class_check action=maybe_recompile pc=0x0000000002e098f0 method=java.util.HashMap.putVal(ILjava/lang/Object;Ljava/lang/Object;ZZ)Ljava/lang/Object; @ 253
Event: 198.330 Thread 0x0000000019645800 Uncommon trap: reason=speculate_class_check action=maybe_recompile pc=0x0000000002eb336c method=java.awt.Component.getLocationOnScreen_NoTreeLock()Ljava/awt/Point; @ 8

Classes redefined (0 events):
No events

Internal exceptions (10 events):
Event: 0.464 Thread 0x000000000101e000 Exception <a 'java/lang/ClassNotFoundException': javax/swing/JTreeCell> (0x00000000d6591238) thrown at [C:\re\workspace\8-2-build-windows-amd64-cygwin\jdk8u161\10277\hotspot\src\share\vm\classfile\systemDictionary.cpp, line 210]
Event: 0.464 Thread 0x000000000101e000 Exception <a 'java/lang/ClassNotFoundException': TreeCell> (0x00000000d65916c0) thrown at [C:\re\workspace\8-2-build-windows-amd64-cygwin\jdk8u161\10277\hotspot\src\share\vm\classfile\systemDictionary.cpp, line 210]
Event: 0.464 Thread 0x000000000101e000 Exception <a 'java/lang/ClassNotFoundException': RootPane> (0x00000000d6592078) thrown at [C:\re\workspace\8-2-build-windows-amd64-cygwin\jdk8u161\10277\hotspot\src\share\vm\classfile\systemDictionary.cpp, line 210]
Event: 79.870 Thread 0x0000000019645800 Implicit null exception at 0x0000000002e7eae7 to 0x0000000002e7eb11
Event: 79.870 Thread 0x0000000019645800 Implicit null exception at 0x0000000002e588e7 to 0x0000000002e58911
Event: 79.878 Thread 0x0000000019645800 Implicit null exception at 0x000000000302e0f0 to 0x000000000302e14b
Event: 79.909 Thread 0x0000000019645800 Implicit null exception at 0x0000000002e782b5 to 0x0000000002e78d49
Event: 79.910 Thread 0x0000000019645800 Implicit null exception at 0x0000000002fd1ed8 to 0x0000000002fd2103
Event: 80.926 Thread 0x0000000019645800 Implicit null exception at 0x0000000002e5dd25 to 0x0000000002e5e03b
Event: 80.927 Thread 0x0000000019645800 Implicit null exception at 0x0000000002e6c67d to 0x0000000002e6cada

Events (10 events):
Event: 195.968 loading class sun/nio/cs/Surrogate$Parser done
Event: 195.968 loading class sun/nio/cs/Surrogate
Event: 195.968 loading class sun/nio/cs/Surrogate done
Event: 198.330 Thread 0x0000000019645800 Uncommon trap: trap_request=0xffffff76 fr.pc=0x0000000002eb336c
Event: 198.330 Thread 0x0000000019645800 DEOPT PACKING pc=0x0000000002eb336c sp=0x000000001ab5d690
Event: 198.330 Thread 0x0000000019645800 DEOPT UNPACKING pc=0x0000000002a1583b sp=0x000000001ab5d560 mode 2
Event: 198.568 Executing VM operation: RevokeBias
Event: 198.568 Executing VM operation: RevokeBias done
Event: 198.569 Executing VM operation: BulkRevokeBias
Event: 198.570 Executing VM operation: BulkRevokeBias done


Dynamic libraries:
0x00007ff776c00000 - 0x00007ff776c37000 	C:\Program Files\Java\jdk1.8.0_161\bin\java.exe
0x00007ff857870000 - 0x00007ff857a65000 	C:\WINDOWS\SYSTEM32\ntdll.dll
0x00007ff84f190000 - 0x00007ff84f1a3000 	C:\Program Files\Avast Software\Avast\aswhook.dll
0x00007ff856f80000 - 0x00007ff85703d000 	C:\WINDOWS\System32\KERNEL32.DLL
0x00007ff855220000 - 0x00007ff8554e8000 	C:\WINDOWS\System32\KERNELBASE.dll
0x00007ff856000000 - 0x00007ff8560ac000 	C:\WINDOWS\System32\ADVAPI32.dll
0x00007ff8560e0000 - 0x00007ff85617e000 	C:\WINDOWS\System32\msvcrt.dll
0x00007ff856c20000 - 0x00007ff856cbb000 	C:\WINDOWS\System32\sechost.dll
0x00007ff855b70000 - 0x00007ff855c9b000 	C:\WINDOWS\System32\RPCRT4.dll
0x00007ff856cd0000 - 0x00007ff856e70000 	C:\WINDOWS\System32\USER32.dll
0x00007ff855600000 - 0x00007ff855622000 	C:\WINDOWS\System32\win32u.dll
0x00007ff8575f0000 - 0x00007ff85761a000 	C:\WINDOWS\System32\GDI32.dll
0x00007ff8554f0000 - 0x00007ff8555fb000 	C:\WINDOWS\System32\gdi32full.dll
0x00007ff855180000 - 0x00007ff85521d000 	C:\WINDOWS\System32\msvcp_win.dll
0x00007ff855080000 - 0x00007ff855180000 	C:\WINDOWS\System32\ucrtbase.dll
0x00007ff84b800000 - 0x00007ff84ba9a000 	C:\WINDOWS\WinSxS\amd64_microsoft.windows.common-controls_6595b64144ccf1df_6.0.19041.844_none_ca00b6081b84eb1d\COMCTL32.dll
0x00007ff8560b0000 - 0x00007ff8560e0000 	C:\WINDOWS\System32\IMM32.DLL
0x00000000645b0000 - 0x0000000064682000 	C:\Program Files\Java\jdk1.8.0_161\jre\bin\msvcr100.dll
0x0000000064690000 - 0x0000000064f2f000 	C:\Program Files\Java\jdk1.8.0_161\jre\bin\server\jvm.dll
0x00007ff8575e0000 - 0x00007ff8575e8000 	C:\WINDOWS\System32\PSAPI.DLL
0x00007ff84abd0000 - 0x00007ff84abf7000 	C:\WINDOWS\SYSTEM32\WINMM.dll
0x00007ff84fbd0000 - 0x00007ff84fbda000 	C:\WINDOWS\SYSTEM32\VERSION.dll
0x00007ff848da0000 - 0x00007ff848da9000 	C:\WINDOWS\SYSTEM32\WSOCK32.dll
0x00007ff856180000 - 0x00007ff8561eb000 	C:\WINDOWS\System32\WS2_32.dll
0x0000000065970000 - 0x000000006597f000 	C:\Program Files\Java\jdk1.8.0_161\jre\bin\verify.dll
0x0000000065940000 - 0x0000000065969000 	C:\Program Files\Java\jdk1.8.0_161\jre\bin\java.dll
0x0000000065920000 - 0x0000000065936000 	C:\Program Files\Java\jdk1.8.0_161\jre\bin\zip.dll
0x00007ff856440000 - 0x00007ff856b82000 	C:\WINDOWS\System32\SHELL32.dll
0x00007ff8530f0000 - 0x00007ff853881000 	C:\WINDOWS\SYSTEM32\windows.storage.dll
0x00007ff855ca0000 - 0x00007ff855ff5000 	C:\WINDOWS\System32\combase.dll
0x00007ff854950000 - 0x00007ff85497c000 	C:\WINDOWS\SYSTEM32\Wldp.dll
0x00007ff8561f0000 - 0x00007ff85629e000 	C:\WINDOWS\System32\SHCORE.dll
0x00007ff857620000 - 0x00007ff857675000 	C:\WINDOWS\System32\shlwapi.dll
0x00007ff854ef0000 - 0x00007ff854f0f000 	C:\WINDOWS\SYSTEM32\profapi.dll
0x0000000064410000 - 0x00000000645a8000 	C:\Program Files\Java\jdk1.8.0_161\jre\bin\awt.dll
0x00007ff855940000 - 0x00007ff855a0d000 	C:\WINDOWS\System32\OLEAUT32.dll
0x00007ff852980000 - 0x00007ff852a10000 	C:\WINDOWS\SYSTEM32\apphelp.dll
0x00007ff852b20000 - 0x00007ff852bbe000 	C:\WINDOWS\system32\uxtheme.dll
0x00007ff8562a0000 - 0x00007ff8563b5000 	C:\WINDOWS\System32\MSCTF.dll
0x00007ff857040000 - 0x00007ff85716a000 	C:\WINDOWS\System32\ole32.dll
0x00007ff852de0000 - 0x00007ff852df2000 	C:\WINDOWS\SYSTEM32\kernel.appcore.dll
0x00007ff855000000 - 0x00007ff855080000 	C:\WINDOWS\System32\bcryptPrimitives.dll
0x00007ff852e00000 - 0x00007ff852e2f000 	C:\WINDOWS\system32\DWMAPI.DLL
0x00000000643c0000 - 0x0000000064407000 	C:\Program Files\Java\jdk1.8.0_161\jre\bin\fontmanager.dll
0x00007ff8309b0000 - 0x00007ff830ad6000 	C:\WINDOWS\system32\opengl32.dll
0x00007ff83ca60000 - 0x00007ff83ca8c000 	C:\WINDOWS\SYSTEM32\GLU32.dll
0x00007ff856e70000 - 0x00007ff856f19000 	C:\WINDOWS\System32\clbcatq.dll
0x00007ff84b4a0000 - 0x00007ff84b654000 	C:\WINDOWS\SYSTEM32\WindowsCodecs.dll
0x00007ff8558a0000 - 0x00007ff8558c7000 	C:\WINDOWS\System32\bcrypt.dll
0x00007ff8325b0000 - 0x00007ff8325ee000 	C:\WINDOWS\system32\dataexchange.dll
0x00007ff851bc0000 - 0x00007ff851da5000 	C:\WINDOWS\system32\dcomp.dll
0x00007ff851810000 - 0x00007ff851a74000 	C:\WINDOWS\system32\d3d11.dll
0x00007ff8538f0000 - 0x00007ff8539e3000 	C:\WINDOWS\system32\dxgi.dll
0x00007ff84d180000 - 0x00007ff84d381000 	C:\WINDOWS\system32\twinapi.appcore.dll
0x0000000065900000 - 0x000000006591a000 	C:\Program Files\Java\jdk1.8.0_161\jre\bin\net.dll
0x00007ff8546c0000 - 0x00007ff85472a000 	C:\WINDOWS\system32\mswsock.dll
0x00000000655e0000 - 0x00000000655f1000 	C:\Program Files\Java\jdk1.8.0_161\jre\bin\nio.dll
0x0000000064370000 - 0x00000000643b2000 	C:\Program Files\Java\jdk1.8.0_161\jre\bin\t2k.dll
0x00007ff8543f0000 - 0x00007ff8544bc000 	C:\WINDOWS\SYSTEM32\DNSAPI.dll
0x00007ff8543b0000 - 0x00007ff8543eb000 	C:\WINDOWS\SYSTEM32\IPHLPAPI.DLL
0x00007ff8558d0000 - 0x00007ff8558d8000 	C:\WINDOWS\System32\NSI.dll
0x00007ff84b490000 - 0x00007ff84b49a000 	C:\Windows\System32\rasadhlp.dll
0x00007ff84c470000 - 0x00007ff84c4ef000 	C:\WINDOWS\System32\fwpuclnt.dll
0x00007ff84a200000 - 0x00007ff84a2f9000 	C:\WINDOWS\SYSTEM32\textinputframework.dll
0x00007ff8525f0000 - 0x00007ff85294e000 	C:\WINDOWS\System32\CoreUIComponents.dll
0x00007ff8524d0000 - 0x00007ff8525c2000 	C:\WINDOWS\System32\CoreMessaging.dll
0x00007ff853cf0000 - 0x00007ff853d23000 	C:\WINDOWS\SYSTEM32\ntmarta.dll
0x00007ff851df0000 - 0x00007ff851f44000 	C:\WINDOWS\SYSTEM32\wintypes.dll
0x00000000655b0000 - 0x00000000655da000 	C:\Program Files\Java\jdk1.8.0_161\jre\bin\dcpr.dll

VM Arguments:
jvm_args: -Dfile.encoding=UTF-8 
java_command: swingcrud.Crud
java_class_path (initial): C:\Users\admin\Desktop\NetBeans\swingcrud\src\itext5-itextpdf-5.5.12.jar;C:\Users\admin\Desktop\NetBeans\swingcrud\src\mysql-connector-java-5.1.49.jar;C:\Users\admin\Desktop\NetBeans\swingcrud\build\classes
Launcher Type: SUN_STANDARD

Environment Variables:
PATH=C:\Program Files (x86)\Common Files\Oracle\Java\javapath;C:\ProgramData\Oracle\Java\javapath;C:\WINDOWS\system32;C:\WINDOWS;C:\WINDOWS\System32\Wbem;C:\WINDOWS\System32\WindowsPowerShell\v1.0\;C:\Program Files\Intel\WiFi\bin\;C:\Program Files\Common Files\Intel\WirelessCommon\;C:\WINDOWS\System32\OpenSSH\;C:\Program Files\dotnet\;C:\Program Files\Microsoft SQL Server\Client SDK\ODBC\170\Tools\Binn\;C:\Program Files (x86)\Microsoft SQL Server\150\Tools\Binn\;C:\Program Files\Microsoft SQL Server\150\Tools\Binn\;C:\Program Files\Microsoft SQL Server\150\DTS\Binn\;C:\Program Files (x86)\Microsoft SQL Server\150\DTS\Binn\;C:\Program Files\Microsoft SQL Server\130\Tools\Binn\;bin\com.pantech.myModule;C:\Program Files (x86)\Intel\Intel(R) Management Engine Components\DAL;C:\Program Files\Intel\Intel(R) Management Engine Components\DAL;C:\Program Files (x86)\dotnet\;C:\Program Files\nodejs\;C:\Program Files\Git\cmd;C:\Program Files\Git\mingw64\bin;C:\Program Files\Git\usr\bin;C:\dev\apache-maven-3.8.1\bin;C:\Users\admin\AppData\Local\Microsoft\WindowsApps;C:\Users\admin\AppData\Local\atom\bin;C:\Users\admin\AppData\Local\Microsoft\WindowsApps;C:\MinGW\bin;C:\Users\admin\.dotnet\tools;C:\Users\admin\AppData\Local\Programs\Microsoft VS Code\bin;C:\Users\admin\AppData\Roaming\npm;C:\dev\apache-maven-3.8.1\bin;
USERNAME=admin
OS=Windows_NT
PROCESSOR_IDENTIFIER=Intel64 Family 6 Model 78 Stepping 3, GenuineIntel



---------------  S Y S T E M  ---------------

OS: Windows 10.0 , 64 bit Build 19041 (10.0.19041.928)

CPU:total 4 (initial active 4) (2 cores per cpu, 2 threads per core) family 6 model 78 stepping 3, cmov, cx8, fxsr, mmx, sse, sse2, sse3, ssse3, sse4.1, sse4.2, popcnt, avx, avx2, aes, clmul, erms, 3dnowpref, lzcnt, ht, tsc, tscinvbit, bmi1, bmi2, adx

Memory: 4k page, physical 8242472k(1058296k free), swap 8242472k(816k free)

vm_info: Java HotSpot(TM) 64-Bit Server VM (25.161-b12) for windows-amd64 JRE (1.8.0_161-b12), built on Dec 19 2017 17:52:25 by "java_re" with MS VC++ 10.0 (VS2010)

time: Fri May 21 15:19:33 2021
elapsed time: 206 seconds (0d 0h 3m 26s)

