#
# There is insufficient memory for the Java Runtime Environment to continue.
# Native memory allocation (malloc) failed to allocate 1048576 bytes for AllocateHeap
# Possible reasons:
#   The system is out of physical RAM or swap space
#   In 32 bit mode, the process size limit was hit
# Possible solutions:
#   Reduce memory load on the system
#   Increase physical memory or swap space
#   Check if swap backing store is full
#   Use 64 bit Java on a 64 bit OS
#   Decrease Java heap size (-Xmx/-Xms)
#   Decrease number of Java threads
#   Decrease Java thread stack sizes (-Xss)
#   Set larger code cache with -XX:ReservedCodeCacheSize=
# This output file may be truncated or incomplete.
#
#  Out of Memory Error (memory/allocation.inline.hpp:61), pid=5476, tid=0x0000000000001c68
#
# JRE version:  (8.0_161-b12) (build )
# Java VM: Java HotSpot(TM) 64-Bit Server VM (25.161-b12 mixed mode windows-amd64 compressed oops)
# Failed to write core dump. Minidumps are not enabled by default on client versions of Windows
#

---------------  T H R E A D  ---------------

Current thread (0x000000000291e000):  JavaThread "Unknown thread" [_thread_in_vm, id=7272, stack(0x0000000002990000,0x0000000002a90000)]

Stack: [0x0000000002990000,0x0000000002a90000]
[error occurred during error reporting (printing stack bounds), id 0xc0000005]

Native frames: (J=compiled Java code, j=interpreted, Vv=VM code, C=native code)


---------------  P R O C E S S  ---------------

Java Threads: ( => current thread )

Other Threads:

=>0x000000000291e000 (exited) JavaThread "Unknown thread" [_thread_in_vm, id=7272, stack(0x0000000002990000,0x0000000002a90000)]

VM state:not at safepoint (normal execution)

VM Mutex/Monitor currently owned by a thread: None

Heap:
 PSYoungGen      total 37888K, used 655K [0x00000000d6100000, 0x00000000d8b00000, 0x0000000100000000)
  eden space 32768K, 2% used [0x00000000d6100000,0x00000000d61a3d80,0x00000000d8100000)
  from space 5120K, 0% used [0x00000000d8600000,0x00000000d8600000,0x00000000d8b00000)
  to   space 5120K, 0% used [0x00000000d8100000,0x00000000d8100000,0x00000000d8600000)
 ParOldGen       total 86016K, used 0K [0x0000000082200000, 0x0000000087600000, 0x00000000d6100000)
  object space 86016K, 0% used [0x0000000082200000,0x0000000082200000,0x0000000087600000)
 Metaspace       used 770K, capacity 4480K, committed 4480K, reserved 1056768K
  class space    used 75K, capacity 384K, committed 384K, reserved 1048576K

Card table byte_map: [0x0000000011f50000,0x0000000012340000] byte_map_base: 0x0000000011b3f000

Marking Bits: (ParMarkBitMap*) 0x00000000581ff860
 Begin Bits: [0x00000000129e0000, 0x0000000014958000)
 End Bits:   [0x0000000014958000, 0x00000000168d0000)

Polling page: 0x0000000001080000

CodeCache: size=245760Kb used=328Kb max_used=328Kb free=245431Kb
 bounds [0x0000000002b90000, 0x0000000002e00000, 0x0000000011b90000]
 total_blobs=58 nmethods=0 adapters=38
 compilation: enabled

Compilation events (0 events):
No events

GC Heap History (0 events):
No events

Deoptimization events (0 events):
No events

Classes redefined (0 events):
No events

Internal exceptions (0 events):
No events

Events (10 events):
Event: 0.031 loading class java/lang/Short
Event: 0.031 loading class java/lang/Short done
Event: 0.031 loading class java/lang/Integer
Event: 0.031 loading class java/lang/Integer done
Event: 0.031 loading class java/lang/Long
Event: 0.032 loading class java/lang/Long done
Event: 0.032 loading class java/lang/NullPointerException
Event: 0.032 loading class java/lang/NullPointerException done
Event: 0.032 loading class java/lang/ArithmeticException
Event: 0.032 loading class java/lang/ArithmeticException done


Dynamic libraries:
0x00007ff6084c0000 - 0x00007ff6084f7000 	C:\Program Files\Java\jdk1.8.0_161\bin\java.exe
0x00007fff5ca70000 - 0x00007fff5cc66000 	C:\WINDOWS\SYSTEM32\ntdll.dll
0x00007fff5aba0000 - 0x00007fff5ac5d000 	C:\WINDOWS\System32\KERNEL32.DLL
0x00007fff5a300000 - 0x00007fff5a5c9000 	C:\WINDOWS\System32\KERNELBASE.dll
0x00007fff5c980000 - 0x00007fff5ca2c000 	C:\WINDOWS\System32\ADVAPI32.dll
0x00007fff5bda0000 - 0x00007fff5be3e000 	C:\WINDOWS\System32\msvcrt.dll
0x00007fff5bb40000 - 0x00007fff5bbdc000 	C:\WINDOWS\System32\sechost.dll
0x00007fff5ac60000 - 0x00007fff5ad8b000 	C:\WINDOWS\System32\RPCRT4.dll
0x00007fff5b500000 - 0x00007fff5b6a0000 	C:\WINDOWS\System32\USER32.dll
0x00007fff5a5d0000 - 0x00007fff5a5f2000 	C:\WINDOWS\System32\win32u.dll
0x00007fff5b4d0000 - 0x00007fff5b4fa000 	C:\WINDOWS\System32\GDI32.dll
0x00007fff5a810000 - 0x00007fff5a91b000 	C:\WINDOWS\System32\gdi32full.dll
0x00007fff5a1b0000 - 0x00007fff5a24d000 	C:\WINDOWS\System32\msvcp_win.dll
0x00007fff5a660000 - 0x00007fff5a760000 	C:\WINDOWS\System32\ucrtbase.dll
0x00007fff49030000 - 0x00007fff492cb000 	C:\WINDOWS\WinSxS\amd64_microsoft.windows.common-controls_6595b64144ccf1df_6.0.19041.746_none_ca02b4b61b8320a4\COMCTL32.dll
0x00007fff5bf70000 - 0x00007fff5bfa0000 	C:\WINDOWS\System32\IMM32.DLL
0x0000000057900000 - 0x00000000579d2000 	C:\Program Files\Java\jdk1.8.0_161\jre\bin\msvcr100.dll
0x00000000579e0000 - 0x000000005827f000 	C:\Program Files\Java\jdk1.8.0_161\jre\bin\server\jvm.dll
0x00007fff5bd30000 - 0x00007fff5bd38000 	C:\WINDOWS\System32\PSAPI.DLL
0x00007fff481a0000 - 0x00007fff481c7000 	C:\WINDOWS\SYSTEM32\WINMM.dll
0x00007fff461f0000 - 0x00007fff461f9000 	C:\WINDOWS\SYSTEM32\WSOCK32.dll
0x00007fff5c1c0000 - 0x00007fff5c22b000 	C:\WINDOWS\System32\WS2_32.dll
0x00007fff51ad0000 - 0x00007fff51ada000 	C:\WINDOWS\SYSTEM32\VERSION.dll
0x00000000578b0000 - 0x00000000578bf000 	C:\Program Files\Java\jdk1.8.0_161\jre\bin\verify.dll
0x0000000057880000 - 0x00000000578a9000 	C:\Program Files\Java\jdk1.8.0_161\jre\bin\java.dll
0x0000000057860000 - 0x0000000057876000 	C:\Program Files\Java\jdk1.8.0_161\jre\bin\zip.dll

VM Arguments:
jvm_args: -Dfile.encoding=UTF-8 
java_command: appmailler.AppMailerGUI
java_class_path (initial): C:\Users\admin\Desktop\Quinto semestre\Topicos avanzados de programacion\javamail-1.4.5\mail.jar;C:\Users\admin\Desktop\NetBeans\appMailler\build\classes
Launcher Type: SUN_STANDARD

Environment Variables:
PATH=C:\Program Files (x86)\Common Files\Oracle\Java\javapath;C:\ProgramData\Oracle\Java\javapath;C:\WINDOWS\system32;C:\WINDOWS;C:\WINDOWS\System32\Wbem;C:\WINDOWS\System32\WindowsPowerShell\v1.0\;C:\Program Files\Intel\WiFi\bin\;C:\Program Files\Common Files\Intel\WirelessCommon\;C:\WINDOWS\System32\OpenSSH\;C:\Program Files\dotnet\;C:\Program Files\Microsoft SQL Server\Client SDK\ODBC\170\Tools\Binn\;C:\Program Files (x86)\Microsoft SQL Server\150\Tools\Binn\;C:\Program Files\Microsoft SQL Server\150\Tools\Binn\;C:\Program Files\Microsoft SQL Server\150\DTS\Binn\;C:\Program Files (x86)\Microsoft SQL Server\150\DTS\Binn\;C:\Program Files\Microsoft SQL Server\130\Tools\Binn\;bin\com.pantech.myModule;C:\Program Files (x86)\Intel\Intel(R) Management Engine Components\DAL;C:\Program Files\Intel\Intel(R) Management Engine Components\DAL;C:\Program Files (x86)\dotnet\;C:\Users\admin\AppData\Local\Microsoft\WindowsApps;C:\Users\admin\AppData\Local\atom\bin;C:\Users\admin\AppData\Local\Microsoft\WindowsApps;C:\MinGW\bin;C:\Users\admin\.dotnet\tools;;C:\Users\admin\AppData\Local\Programs\Microsoft VS Code\bin
USERNAME=admin
OS=Windows_NT
PROCESSOR_IDENTIFIER=Intel64 Family 6 Model 78 Stepping 3, GenuineIntel



---------------  S Y S T E M  ---------------

OS: Windows 10.0 , 64 bit Build 19041 (10.0.19041.804)

CPU:total 4 (initial active 4) (2 cores per cpu, 2 threads per core) family 6 model 78 stepping 3, cmov, cx8, fxsr, mmx, sse, sse2, sse3, ssse3, sse4.1, sse4.2, popcnt, avx, avx2, aes, clmul, erms, 3dnowpref, lzcnt, ht, tsc, tscinvbit, bmi1, bmi2, adx

Memory: 4k page, physical 8242472k(1316032k free), swap 8242472k(5832k free)

vm_info: Java HotSpot(TM) 64-Bit Server VM (25.161-b12) for windows-amd64 JRE (1.8.0_161-b12), built on Dec 19 2017 17:52:25 by "java_re" with MS VC++ 10.0 (VS2010)

time: Sun Feb 28 18:51:07 2021
elapsed time: 0 seconds (0d 0h 0m 0s)

